2026-07-19 15:25:24.910: [INFO][Sync] Reset engine, reason: 8
2026-07-19 15:25:24.910: [INFO][Sync] Stopped: Bookmarks
2026-07-19 15:25:24.910: [INFO][Sync] Stopped: Preferences
2026-07-19 15:25:24.910: [INFO][Sync] Stopped: Passwords
2026-07-19 15:25:24.910: [INFO][Sync] Stopped: Autofill Profiles
2026-07-19 15:25:24.910: [INFO][Sync] Stopped: Autofill
2026-07-19 15:25:24.910: [INFO][Sync] Stopped: Extensions
2026-07-19 15:25:24.910: [INFO][Sync] Stopped: Sessions
2026-07-19 15:25:24.910: [INFO][Sync] Stopped: Extension settings
2026-07-19 15:25:24.910: [INFO][Sync] Stopped: History Delete Directives
2026-07-19 15:25:24.910: [INFO][Sync] Stopped: Device Info
2026-07-19 15:25:24.910: [INFO][Sync] Stopped: User Consents
2026-07-19 15:25:24.910: [INFO][Sync] Stopped: Send Tab To Self
2026-07-19 15:25:24.910: [INFO][Sync] Stopped: Web Apps
2026-07-19 15:25:24.910: [INFO][Sync] Stopped: History
2026-07-19 15:25:24.910: [INFO][Sync] Stopped: Collection
2026-07-19 15:25:24.910: [INFO][Sync] Stopped: Edge E Drop
2026-07-19 15:25:24.910: [INFO][Sync] Stopped: Edge Hub App Usage
2026-07-19 15:25:24.910: [INFO][Sync] Stopped: Edge Tab Group
2026-07-19 15:25:24.910: [INFO][Sync] Stopped: Edge Wallet
2026-07-19 15:25:24.910: [INFO][Sync] SyncState after authenticated was: NotSignedIn
2026-07-19 15:25:26.658: [INFO][Sync] Reset engine, reason: 8
2026-07-19 15:25:26.658: [INFO][Sync] Stopped: Bookmarks
2026-07-19 15:25:26.658: [INFO][Sync] Stopped: Preferences
2026-07-19 15:25:26.658: [INFO][Sync] Stopped: Passwords
2026-07-19 15:25:26.658: [INFO][Sync] Stopped: Autofill Profiles
2026-07-19 15:25:26.658: [INFO][Sync] Stopped: Autofill
2026-07-19 15:25:26.658: [INFO][Sync] Stopped: Extensions
2026-07-19 15:25:26.658: [INFO][Sync] Stopped: Sessions
2026-07-19 15:25:26.658: [INFO][Sync] Stopped: Extension settings
2026-07-19 15:25:26.658: [INFO][Sync] Stopped: History Delete Directives
2026-07-19 15:25:26.658: [INFO][Sync] Stopped: Device Info
2026-07-19 15:25:26.658: [INFO][Sync] Stopped: User Consents
2026-07-19 15:25:26.658: [INFO][Sync] Stopped: Send Tab To Self
2026-07-19 15:25:26.658: [INFO][Sync] Stopped: Web Apps
2026-07-19 15:25:26.658: [INFO][Sync] Stopped: History
2026-07-19 15:25:26.658: [INFO][Sync] Stopped: Collection
2026-07-19 15:25:26.658: [INFO][Sync] Stopped: Edge E Drop
2026-07-19 15:25:26.658: [INFO][Sync] Stopped: Edge Hub App Usage
2026-07-19 15:25:26.658: [INFO][Sync] Stopped: Edge Tab Group
2026-07-19 15:25:26.658: [INFO][Sync] Stopped: Edge Wallet
2026-07-19 15:44:33.151: [INFO][Sync] Reset engine, reason: 0
